<?xml version="1.0" encoding="UTF-8"?>
<testsuite name="com.example.todolist.controller.ToDoControllerTest" tests="1" skipped="0" failures="0" errors="0" timestamp="2021-12-17T04:11:38" hostname="PANGNI-W10" time="0.793">
  <properties/>
  <testcase name="should_when_update_todo_given_todo_with_done()" classname="com.example.todolist.controller.ToDoControllerTest" time="0.793"/>
  <system-out><![CDATA[12:11:35.745 [Test worker] DEBUG org.springframework.test.context.BootstrapUtils - Instantiating CacheAwareContextLoaderDelegate from class [org.springframework.test.context.cache.DefaultCacheAwareContextLoaderDelegate]
12:11:35.754 [Test worker] DEBUG org.springframework.test.context.BootstrapUtils - Instantiating BootstrapContext using constructor [public org.springframework.test.context.support.DefaultBootstrapContext(java.lang.Class,org.springframework.test.context.CacheAwareContextLoaderDelegate)]
12:11:35.785 [Test worker] DEBUG org.springframework.test.context.BootstrapUtils - Instantiating TestContextBootstrapper for test class [com.example.todolist.controller.ToDoControllerTest] from class [org.springframework.boot.test.context.SpringBootTestContextBootstrapper]
12:11:35.797 [Test worker] INFO org.springframework.boot.test.context.SpringBootTestContextBootstrapper - Neither @ContextConfiguration nor @ContextHierarchy found for test class [com.example.todolist.controller.ToDoControllerTest], using SpringBootContextLoader
12:11:35.800 [Test worker] DEBUG org.springframework.test.context.support.AbstractContextLoader - Did not detect default resource location for test class [com.example.todolist.controller.ToDoControllerTest]: class path resource [com/example/todolist/controller/ToDoControllerTest-context.xml] does not exist
12:11:35.801 [Test worker] DEBUG org.springframework.test.context.support.AbstractContextLoader - Did not detect default resource location for test class [com.example.todolist.controller.ToDoControllerTest]: class path resource [com/example/todolist/controller/ToDoControllerTestContext.groovy] does not exist
12:11:35.801 [Test worker] INFO org.springframework.test.context.support.AbstractContextLoader - Could not detect default resource locations for test class [com.example.todolist.controller.ToDoControllerTest]: no resource found for suffixes {-context.xml, Context.groovy}.
12:11:35.802 [Test worker] INFO org.springframework.test.context.support.AnnotationConfigContextLoaderUtils - Could not detect default configuration classes for test class [com.example.todolist.controller.ToDoControllerTest]: ToDoControllerTest does not declare any static, non-private, non-final, nested classes annotated with @Configuration.
12:11:35.848 [Test worker] DEBUG org.springframework.test.context.support.ActiveProfilesUtils - Could not find an 'annotation declaring class' for annotation type [org.springframework.test.context.ActiveProfiles] and class [com.example.todolist.controller.ToDoControllerTest]
12:11:35.925 [Test worker] DEBUG org.springframework.context.annotation.ClassPathScanningCandidateComponentProvider - Identified candidate component class: file [C:\Users\PANGNI\Documents\GitHub\java_to_do_list\toDoList\build\classes\java\main\com\example\todolist\ToDoApplication.class]
12:11:35.926 [Test worker] INFO org.springframework.boot.test.context.SpringBootTestContextBootstrapper - Found @SpringBootConfiguration com.example.todolist.ToDoApplication for test class com.example.todolist.controller.ToDoControllerTest
12:11:36.013 [Test worker] DEBUG org.springframework.boot.test.context.SpringBootTestContextBootstrapper - @TestExecutionListeners is not present for class [com.example.todolist.controller.ToDoControllerTest]: using defaults.
12:11:36.013 [Test worker] INFO org.springframework.boot.test.context.SpringBootTestContextBootstrapper - Loaded default TestExecutionListener class names from location [META-INF/spring.factories]: [org.springframework.boot.test.autoconfigure.restdocs.RestDocsTestExecutionListener, org.springframework.boot.test.autoconfigure.web.client.MockRestServiceServerResetTestExecutionListener, org.springframework.boot.test.autoconfigure.web.servlet.MockMvcPrintOnlyOnFailureTestExecutionListener, org.springframework.boot.test.autoconfigure.web.servlet.WebDriverTestExecutionListener, org.springframework.boot.test.autoconfigure.webservices.client.MockWebServiceServerTestExecutionListener, org.springframework.boot.test.mock.mockito.MockitoTestExecutionListener, org.springframework.boot.test.mock.mockito.ResetMocksTestExecutionListener, org.springframework.test.context.web.ServletTestExecutionListener, org.springframework.test.context.support.DirtiesContextBeforeModesTestExecutionListener, org.springframework.test.context.event.ApplicationEventsTestExecutionListener, org.springframework.test.context.support.DependencyInjectionTestExecutionListener, org.springframework.test.context.support.DirtiesContextTestExecutionListener, org.springframework.test.context.transaction.TransactionalTestExecutionListener, org.springframework.test.context.jdbc.SqlScriptsTestExecutionListener, org.springframework.test.context.event.EventPublishingTestExecutionListener]
12:11:36.030 [Test worker] INFO org.springframework.boot.test.context.SpringBootTestContextBootstrapper - Using TestExecutionListeners: [org.springframework.test.context.web.ServletTestExecutionListener@6145518a, org.springframework.test.context.support.DirtiesContextBeforeModesTestExecutionListener@5576c83f, org.springframework.test.context.event.ApplicationEventsTestExecutionListener@5f450581, org.springframework.boot.test.mock.mockito.MockitoTestExecutionListener@1b6fd5ae, org.springframework.boot.test.autoconfigure.SpringBootDependencyInjectionTestExecutionListener@506d1e48, org.springframework.test.context.support.DirtiesContextTestExecutionListener@33b9034a, org.springframework.test.context.transaction.TransactionalTestExecutionListener@442761b1, org.springframework.test.context.jdbc.SqlScriptsTestExecutionListener@21801e3e, org.springframework.test.context.event.EventPublishingTestExecutionListener@19a7cb18, org.springframework.boot.test.autoconfigure.restdocs.RestDocsTestExecutionListener@62ff3835, org.springframework.boot.test.autoconfigure.web.client.MockRestServiceServerResetTestExecutionListener@1d2ae732, org.springframework.boot.test.autoconfigure.web.servlet.MockMvcPrintOnlyOnFailureTestExecutionListener@3cfa7b47, org.springframework.boot.test.autoconfigure.web.servlet.WebDriverTestExecutionListener@1b2298cb, org.springframework.boot.test.autoconfigure.webservices.client.MockWebServiceServerTestExecutionListener@7250a, org.springframework.boot.test.mock.mockito.ResetMocksTestExecutionListener@4a5e514f]
12:11:36.034 [Test worker] DEBUG org.springframework.test.context.support.AbstractDirtiesContextTestExecutionListener - Before test class: context [DefaultTestContext@110586c4 testClass = ToDoControllerTest, testInstance = [null], testMethod = [null], testException = [null], mergedContextConfiguration = [WebMergedContextConfiguration@33802f88 testClass = ToDoControllerTest, locations = '{}', classes = '{class com.example.todolist.ToDoApplication}', contextInitializerClasses = '[]', activeProfiles = '{}', propertySourceLocations = '{}', propertySourceProperties = '{org.springframework.boot.test.context.SpringBootTestContextBootstrapper=true}', contextCustomizers = set[org.springframework.boot.test.autoconfigure.actuate.metrics.MetricsExportContextCustomizerFactory$DisableMetricExportContextCustomizer@4d2333a7, org.springframework.boot.test.autoconfigure.properties.PropertyMappingContextCustomizer@4b3fa0b3, org.springframework.boot.test.autoconfigure.web.servlet.WebDriverContextCustomizerFactory$Customizer@51c8f306, [ImportsContextCustomizer@4e60a224 key = [org.springframework.boot.test.autoconfigure.web.servlet.MockMvcAutoConfiguration, org.springframework.boot.test.autoconfigure.web.servlet.MockMvcWebClientAutoConfiguration, org.springframework.boot.test.autoconfigure.web.servlet.MockMvcWebDriverAutoConfiguration, org.springframework.boot.autoconfigure.security.oauth2.client.servlet.OAuth2ClientAutoConfiguration, org.springframework.boot.autoconfigure.security.oauth2.resource.servlet.OAuth2ResourceServerAutoConfiguration, org.springframework.boot.autoconfigure.security.servlet.SecurityAutoConfiguration, org.springframework.boot.autoconfigure.security.servlet.SecurityFilterAutoConfiguration, org.springframework.boot.autoconfigure.security.servlet.UserDetailsServiceAutoConfiguration, org.springframework.boot.test.autoconfigure.web.servlet.MockMvcSecurityConfiguration, org.springframework.boot.test.autoconfigure.web.reactive.WebTestClientAutoConfiguration]], org.springframework.boot.test.context.filter.ExcludeFilterContextCustomizer@3d2de9c1, org.springframework.boot.test.json.DuplicateJsonObjectContextCustomizerFactory$DuplicateJsonObjectContextCustomizer@53d28d6b, org.springframework.boot.test.mock.mockito.MockitoContextCustomizer@0, org.springframework.boot.test.web.client.TestRestTemplateContextCustomizer@299d257e, org.springframework.boot.test.context.SpringBootTestArgs@1, org.springframework.boot.test.context.SpringBootTestWebEnvironment@191f7df], resourceBasePath = 'src/main/webapp', contextLoader = 'org.springframework.boot.test.context.SpringBootContextLoader', parent = [null]], attributes = map['org.springframework.test.context.web.ServletTestExecutionListener.activateListener' -> true]], class annotated with @DirtiesContext [false] with mode [null].
12:11:36.069 [Test worker] DEBUG org.springframework.boot.ApplicationServletEnvironment - Activating profiles []
12:11:36.070 [Test worker] DEBUG org.springframework.test.context.support.TestPropertySourceUtils - Adding inlined properties to environment: {spring.jmx.enabled=false, org.springframework.boot.test.context.SpringBootTestContextBootstrapper=true}

  .   ____          _            __ _ _
 /\\ / ___'_ __ _ _(_)_ __  __ _ \ \ \ \
( ( )\___ | '_ | '_| | '_ \/ _` | \ \ \ \
 \\/  ___)| |_)| | | | | || (_| |  ) ) ) )
  '  |____| .__|_| |_|_| |_\__, | / / / /
 =========|_|==============|___/=/_/_/_/
 :: Spring Boot ::                (v2.6.1)

2021-12-17 12:11:36.348  INFO 26268 --- [    Test worker] c.e.t.controller.ToDoControllerTest      : Starting ToDoControllerTest using Java 1.8.0_301 on PANGNI-W10 with PID 26268 (started by PANGNI in C:\Users\PANGNI\Documents\GitHub\java_to_do_list\toDoList)
2021-12-17 12:11:36.349  INFO 26268 --- [    Test worker] c.e.t.controller.ToDoControllerTest      : No active profile set, falling back to default profiles: default
2021-12-17 12:11:36.805  INFO 26268 --- [    Test worker] .s.d.r.c.RepositoryConfigurationDelegate : Bootstrapping Spring Data MongoDB repositories in DEFAULT mode.
2021-12-17 12:11:36.850  INFO 26268 --- [    Test worker] .s.d.r.c.RepositoryConfigurationDelegate : Finished Spring Data repository scanning in 41 ms. Found 1 MongoDB repository interfaces.
2021-12-17 12:11:37.221  INFO 26268 --- [    Test worker] org.mongodb.driver.cluster               : Cluster created with settings {hosts=[localhost:27018], mode=SINGLE, requiredClusterType=UNKNOWN, serverSelectionTimeout='30000 ms'}
2021-12-17 12:11:37.294  INFO 26268 --- [localhost:27018] org.mongodb.driver.connection            : Opened connection [connectionId{localValue:2, serverValue:473}] to localhost:27018
2021-12-17 12:11:37.294  INFO 26268 --- [localhost:27018] org.mongodb.driver.connection            : Opened connection [connectionId{localValue:1, serverValue:472}] to localhost:27018
2021-12-17 12:11:37.294  INFO 26268 --- [localhost:27018] org.mongodb.driver.cluster               : Monitor thread successfully connected to server with description ServerDescription{address=localhost:27018, type=STANDALONE, state=CONNECTED, ok=true, minWireVersion=0, maxWireVersion=13, maxDocumentSize=16777216, logicalSessionTimeoutMinutes=30, roundTripTimeNanos=29933100}
2021-12-17 12:11:38.135  INFO 26268 --- [    Test worker] o.s.b.t.m.w.SpringBootMockServletContext : Initializing Spring TestDispatcherServlet ''
2021-12-17 12:11:38.136  INFO 26268 --- [    Test worker] o.s.t.web.servlet.TestDispatcherServlet  : Initializing Servlet ''
2021-12-17 12:11:38.136  INFO 26268 --- [    Test worker] o.s.t.web.servlet.TestDispatcherServlet  : Completed initialization in 0 ms
2021-12-17 12:11:38.150  INFO 26268 --- [    Test worker] c.e.t.controller.ToDoControllerTest      : Started ToDoControllerTest in 2.078 seconds (JVM running for 3.526)
2021-12-17 12:11:38.753  INFO 26268 --- [    Test worker] org.mongodb.driver.connection            : Opened connection [connectionId{localValue:3, serverValue:474}] to localhost:27018
]]></system-out>
  <system-err><![CDATA[]]></system-err>
</testsuite>
